<?xml version="1.0" encoding="UTF-8"?>
<!-- Generated by org.testng.reporters.JUnitReportReporter -->
<testsuite hostname="DESKTOP-RK5KGC6" failures="0" tests="1" name="testPkg.testClass" time="10.728" errors="0" timestamp="2023-11-07T23:23:53 IST" skipped="0">
  <testcase classname="testPkg.testClass" name="test" time="10.728"/>
  <system-out/>
</testsuite> <!-- testPkg.testClass -->
